# JRE version: Java(TM) SE Runtime Environment (8.0_191-b12) (build 1.8.0_191-b12)
# Java VM: Java HotSpot(TM) 64-Bit Server VM (25.191-b12 mixed mode windows-amd64 compressed oops)
Heap:
 PSYoungGen      total 83968K, used 8403K [0x00000000eab00000, 0x00000000f0880000, 0x0000000100000000)
  eden space 72704K, 1% used [0x00000000eab00000,0x00000000eac4ca38,0x00000000ef200000)
  from space 11264K, 62% used [0x00000000ef200000,0x00000000ef8e8388,0x00000000efd00000)
  to   space 11776K, 0% used [0x00000000efd00000,0x00000000efd00000,0x00000000f0880000)
 ParOldGen       total 86016K, used 16300K [0x00000000c0000000, 0x00000000c5400000, 0x00000000eab00000)
  object space 86016K, 18% used [0x00000000c0000000,0x00000000c0feb198,0x00000000c5400000)
 Metaspace       used 36854K, capacity 37478K, committed 37760K, reserved 1081344K
  class space    used 5417K, capacity 5665K, committed 5760K, reserved 1048576K
GC Heap History (10 events):
Event: 5.985 GC heap before
{Heap before GC invocations=7 (full 1):
 PSYoungGen      total 57344K, used 54297K [0x00000000eab00000, 0x00000000f0880000, 0x0000000100000000)
  eden space 49152K, 100% used [0x00000000eab00000,0x00000000edb00000,0x00000000edb00000)
  from space 8192K, 62% used [0x00000000edb00000,0x00000000ee006510,0x00000000ee300000)
  to   space 11776K, 0% used [0x00000000efd00000,0x00000000efd00000,0x00000000f0880000)
 ParOldGen       total 86016K, used 8691K [0x00000000c0000000, 0x00000000c5400000, 0x00000000eab00000)
  object space 86016K, 10% used [0x00000000c0000000,0x00000000c087cd60,0x00000000c5400000)
 Metaspace       used 29113K, capacity 29764K, committed 29952K, reserved 1075200K
  class space    used 4115K, capacity 4343K, committed 4352K, reserved 1048576K
Event: 6.005 GC heap after
Heap after GC invocations=7 (full 1):
 PSYoungGen      total 84480K, used 6661K [0x00000000eab00000, 0x00000000f0880000, 0x0000000100000000)
  eden space 72704K, 0% used [0x00000000eab00000,0x00000000eab00000,0x00000000ef200000)
  from space 11776K, 56% used [0x00000000efd00000,0x00000000f03815f0,0x00000000f0880000)
  to   space 11264K, 0% used [0x00000000ef200000,0x00000000ef200000,0x00000000efd00000)
 ParOldGen       total 86016K, used 8699K [0x00000000c0000000, 0x00000000c5400000, 0x00000000eab00000)
  object space 86016K, 10% used [0x00000000c0000000,0x00000000c087ed60,0x00000000c5400000)
 Metaspace       used 29113K, capacity 29764K, committed 29952K, reserved 1075200K
  class space    used 4115K, capacity 4343K, committed 4352K, reserved 1048576K
}
Event: 7.828 GC heap before
{Heap before GC invocations=8 (full 1):
 PSYoungGen      total 84480K, used 79365K [0x00000000eab00000, 0x00000000f0880000, 0x0000000100000000)
  eden space 72704K, 100% used [0x00000000eab00000,0x00000000ef200000,0x00000000ef200000)
  from space 11776K, 56% used [0x00000000efd00000,0x00000000f03815f0,0x00000000f0880000)
  to   space 11264K, 0% used [0x00000000ef200000,0x00000000ef200000,0x00000000efd00000)
 ParOldGen       total 86016K, used 8699K [0x00000000c0000000, 0x00000000c5400000, 0x00000000eab00000)
  object space 86016K, 10% used [0x00000000c0000000,0x00000000c087ed60,0x00000000c5400000)
 Metaspace       used 33134K, capacity 33722K, committed 33792K, reserved 1077248K
  class space    used 4854K, capacity 5102K, committed 5120K, reserved 1048576K
Event: 7.853 GC heap after
Heap after GC invocations=8 (full 1):
 PSYoungGen      total 83968K, used 10780K [0x00000000eab00000, 0x00000000f0880000, 0x0000000100000000)
  eden space 72704K, 0% used [0x00000000eab00000,0x00000000eab00000,0x00000000ef200000)
  from space 11264K, 95% used [0x00000000ef200000,0x00000000efc87310,0x00000000efd00000)
  to   space 11776K, 0% used [0x00000000efd00000,0x00000000efd00000,0x00000000f0880000)
 ParOldGen       total 86016K, used 8707K [0x00000000c0000000, 0x00000000c5400000, 0x00000000eab00000)
  object space 86016K, 10% used [0x00000000c0000000,0x00000000c0880d60,0x00000000c5400000)
 Metaspace       used 33134K, capacity 33722K, committed 33792K, reserved 1077248K
  class space    used 4854K, capacity 5102K, committed 5120K, reserved 1048576K
}
Event: 8.518 GC heap before
{Heap before GC invocations=9 (full 1):
 PSYoungGen      total 83968K, used 45948K [0x00000000eab00000, 0x00000000f0880000, 0x0000000100000000)
  eden space 72704K, 48% used [0x00000000eab00000,0x00000000ecd57f60,0x00000000ef200000)
  from space 11264K, 95% used [0x00000000ef200000,0x00000000efc87310,0x00000000efd00000)
  to   space 11776K, 0% used [0x00000000efd00000,0x00000000efd00000,0x00000000f0880000)
 ParOldGen       total 86016K, used 8707K [0x00000000c0000000, 0x00000000c5400000, 0x00000000eab00000)
  object space 86016K, 10% used [0x00000000c0000000,0x00000000c0880d60,0x00000000c5400000)
 Metaspace       used 34870K, capacity 35416K, committed 35496K, reserved 1079296K
  class space    used 5126K, capacity 5363K, committed 5376K, reserved 1048576K
Event: 8.534 GC heap after
Heap after GC invocations=9 (full 1):
 PSYoungGen      total 84480K, used 9660K [0x00000000eab00000, 0x00000000f0880000, 0x0000000100000000)
  eden space 72704K, 0% used [0x00000000eab00000,0x00000000eab00000,0x00000000ef200000)
  from space 11776K, 82% used [0x00000000efd00000,0x00000000f066f390,0x00000000f0880000)
  to   space 11264K, 0% used [0x00000000ef200000,0x00000000ef200000,0x00000000efd00000)
 ParOldGen       total 86016K, used 8715K [0x00000000c0000000, 0x00000000c5400000, 0x00000000eab00000)
  object space 86016K, 10% used [0x00000000c0000000,0x00000000c0882d60,0x00000000c5400000)
 Metaspace       used 34870K, capacity 35416K, committed 35496K, reserved 1079296K
  class space    used 5126K, capacity 5363K, committed 5376K, reserved 1048576K
}
Event: 8.534 GC heap before
{Heap before GC invocations=10 (full 2):
 PSYoungGen      total 84480K, used 9660K [0x00000000eab00000, 0x00000000f0880000, 0x0000000100000000)
  eden space 72704K, 0% used [0x00000000eab00000,0x00000000eab00000,0x00000000ef200000)
  from space 11776K, 82% used [0x00000000efd00000,0x00000000f066f390,0x00000000f0880000)
  to   space 11264K, 0% used [0x00000000ef200000,0x00000000ef200000,0x00000000efd00000)
 ParOldGen       total 86016K, used 8715K [0x00000000c0000000, 0x00000000c5400000, 0x00000000eab00000)
  object space 86016K, 10% used [0x00000000c0000000,0x00000000c0882d60,0x00000000c5400000)
 Metaspace       used 34870K, capacity 35416K, committed 35496K, reserved 1079296K
  class space    used 5126K, capacity 5363K, committed 5376K, reserved 1048576K
Event: 8.682 GC heap after
Heap after GC invocations=10 (full 2):
 PSYoungGen      total 84480K, used 0K [0x00000000eab00000, 0x00000000f0880000, 0x0000000100000000)
  eden space 72704K, 0% used [0x00000000eab00000,0x00000000eab00000,0x00000000ef200000)
  from space 11776K, 0% used [0x00000000efd00000,0x00000000efd00000,0x00000000f0880000)
  to   space 11264K, 0% used [0x00000000ef200000,0x00000000ef200000,0x00000000efd00000)
 ParOldGen       total 86016K, used 16300K [0x00000000c0000000, 0x00000000c5400000, 0x00000000eab00000)
  object space 86016K, 18% used [0x00000000c0000000,0x00000000c0feb198,0x00000000c5400000)
 Metaspace       used 34870K, capacity 35416K, committed 35496K, reserved 1079296K
  class space    used 5126K, capacity 5363K, committed 5376K, reserved 1048576K
}
Event: 10.011 GC heap before
{Heap before GC invocations=11 (full 2):
 PSYoungGen      total 84480K, used 72704K [0x00000000eab00000, 0x00000000f0880000, 0x0000000100000000)
  eden space 72704K, 100% used [0x00000000eab00000,0x00000000ef200000,0x00000000ef200000)
  from space 11776K, 0% used [0x00000000efd00000,0x00000000efd00000,0x00000000f0880000)
  to   space 11264K, 0% used [0x00000000ef200000,0x00000000ef200000,0x00000000efd00000)
 ParOldGen       total 86016K, used 16300K [0x00000000c0000000, 0x00000000c5400000, 0x00000000eab00000)
  object space 86016K, 18% used [0x00000000c0000000,0x00000000c0feb198,0x00000000c5400000)
 Metaspace       used 36834K, capacity 37478K, committed 37760K, reserved 1081344K
  class space    used 5413K, capacity 5665K, committed 5760K, reserved 1048576K
Event: 10.028 GC heap after
Heap after GC invocations=11 (full 2):
 PSYoungGen      total 83968K, used 7072K [0x00000000eab00000, 0x00000000f0880000, 0x0000000100000000)
  eden space 72704K, 0% used [0x00000000eab00000,0x00000000eab00000,0x00000000ef200000)
  from space 11264K, 62% used [0x00000000ef200000,0x00000000ef8e8388,0x00000000efd00000)
  to   space 11776K, 0% used [0x00000000efd00000,0x00000000efd00000,0x00000000f0880000)
 ParOldGen       total 86016K, used 16300K [0x00000000c0000000, 0x00000000c5400000, 0x00000000eab00000)
  object space 86016K, 18% used [0x00000000c0000000,0x00000000c0feb198,0x00000000c5400000)
 Metaspace       used 36834K, capacity 37478K, committed 37760K, reserved 1081344K
  class space    used 5413K, capacity 5665K, committed 5760K, reserved 1048576K
}

